<?xml version="1.0" encoding="UTF-8"?>
<!-- Generated by org.testng.reporters.JUnitReportReporter -->
<testsuite hostname="DESKTOP-O8963JD" failures="0" tests="2" name="SendboxTest.LogInTest" time="19.817" errors="0" timestamp="2020-05-15T15:25:30 CEST" skipped="0">
  <testcase classname="SendboxTest.LogInTest" name="loginValidUser" time="11.141"/>
  <system-out/>
  <testcase classname="SendboxTest.LogInTest" name="loginWithoutRegistration" time="8.676"/>
  <system-out/>
</testsuite> <!-- SendboxTest.LogInTest -->
