<?xml version="1.0" encoding="UTF-8"?>
<!-- Generated by org.testng.reporters.JUnitReportReporter -->
<testsuite hostname="DESKTOP-O8963JD" failures="0" tests="1" name="SendboxTest.RegistrationTest2" time="1376.226" errors="0" timestamp="2020-05-16T16:42:40 CEST" skipped="0">
  <testcase classname="SendboxTest.RegistrationTest2" name="Register30Users" time="1376.226"/>
  <system-out/>
</testsuite> <!-- SendboxTest.RegistrationTest2 -->
