<?xml version="1.0" encoding="UTF-8"?>
<!-- Generated by org.testng.reporters.JUnitReportReporter -->
<testsuite hostname="DESKTOP-O8963JD" failures="0" tests="3" name="SendboxTest.ProductsTest" time="280.533" errors="0" timestamp="2020-05-17T18:29:35 CEST" skipped="0">
  <testcase classname="SendboxTest.ProductsTest" name="openNewProductPage" time="55.571"/>
  <system-out/>
  <testcase classname="SendboxTest.ProductsTest" name="createProduct" time="175.707"/>
  <system-out/>
  <testcase classname="SendboxTest.ProductsTest" name="testUpdatePaintingPrices" time="49.255"/>
  <system-out/>
</testsuite> <!-- SendboxTest.ProductsTest -->
